Date: 23/03/2019 16:28:49:495
Category: default
File: cwf/cppwebapplication.cpp
Function: int CWF::CppWebApplication::start()
Version: 2
Message: Server online


Date: 24/03/2019 01:15:10:640
Category: default
File: cwf/cppwebapplication.cpp
Function: int CWF::CppWebApplication::start()
Version: 2
Message: Server online


Date: 24/03/2019 01:16:29:069
Category: default
File: cwf/cppwebapplication.cpp
Function: int CWF::CppWebApplication::start()
Version: 2
Message: Server online


Date: 24/03/2019 01:18:50:670
Category: default
File: cwf/cppwebapplication.cpp
Function: int CWF::CppWebApplication::start()
Version: 2
Message: Server online


Date: 24/03/2019 01:25:16:702
Category: default
File: cwf/cppwebapplication.cpp
Function: int CWF::CppWebApplication::start()
Version: 2
Message: Server online


Date: 24/03/2019 01:28:28:158
Category: default
File: cwf/cppwebapplication.cpp
Function: int CWF::CppWebApplication::start()
Version: 2
Message: Server online


Date: 24/03/2019 01:30:18:801
Category: default
File: cwf/cppwebapplication.cpp
Function: int CWF::CppWebApplication::start()
Version: 2
Message: Server online


Date: 24/03/2019 01:32:46:637
Category: default
File: cwf/cppwebapplication.cpp
Function: int CWF::CppWebApplication::start()
Version: 2
Message: Server online


Date: 24/03/2019 01:34:04:175
Category: default
File: cwf/cppwebapplication.cpp
Function: int CWF::CppWebApplication::start()
Version: 2
Message: Server online


Date: 24/03/2019 01:36:16:018
Category: default
File: cwf/cppwebapplication.cpp
Function: int CWF::CppWebApplication::start()
Version: 2
Message: Server online


Date: 24/03/2019 01:37:50:241
Category: default
File: cwf/cppwebapplication.cpp
Function: int CWF::CppWebApplication::start()
Version: 2
Message: Server online


Date: 24/03/2019 01:40:59:369
Category: default
File: cwf/cppwebapplication.cpp
Function: int CWF::CppWebApplication::start()
Version: 2
Message: Server online


Date: 24/03/2019 14:29:25:630
Category: default
File: cwf/cppwebapplication.cpp
Function: int CWF::CppWebApplication::start()
Version: 2
Message: Server online


Date: 24/03/2019 14:32:42:382
Category: default
File: cwf/cppwebapplication.cpp
Function: int CWF::CppWebApplication::start()
Version: 2
Message: Server online


Date: 24/03/2019 14:39:09:937
Category: default
File: cwf/cppwebapplication.cpp
Function: int CWF::CppWebApplication::start()
Version: 2
Message: Server online


Date: 24/03/2019 14:41:55:476
Category: default
File: cwf/cppwebapplication.cpp
Function: int CWF::CppWebApplication::start()
Version: 2
Message: Server online


Date: 24/03/2019 14:53:57:992
Category: default
File: cwf/cppwebapplication.cpp
Function: int CWF::CppWebApplication::start()
Version: 2
Message: Server online


Date: 24/03/2019 14:56:27:703
Category: default
File: cwf/cppwebapplication.cpp
Function: int CWF::CppWebApplication::start()
Version: 2
Message: Server online


Date: 24/03/2019 15:03:59:849
Category: default
File: cwf/cppwebapplication.cpp
Function: int CWF::CppWebApplication::start()
Version: 2
Message: Server online


Date: 24/03/2019 15:10:27:459
Category: default
File: cwf/cppwebapplication.cpp
Function: int CWF::CppWebApplication::start()
Version: 2
Message: Server online


Date: 24/03/2019 15:38:19:123
Category: default
File: cwf/cppwebapplication.cpp
Function: int CWF::CppWebApplication::start()
Version: 2
Message: Server online


Date: 24/03/2019 15:40:55:813
Category: default
File: cwf/cppwebapplication.cpp
Function: int CWF::CppWebApplication::start()
Version: 2
Message: Server online


Date: 24/03/2019 15:45:40:097
Category: default
File: cwf/cppwebapplication.cpp
Function: int CWF::CppWebApplication::start()
Version: 2
Message: Server online


Date: 24/03/2019 15:47:29:518
Category: default
File: cwf/cppwebapplication.cpp
Function: int CWF::CppWebApplication::start()
Version: 2
Message: Server online


Date: 24/03/2019 15:52:05:615
Category: default
File: cwf/cppwebapplication.cpp
Function: int CWF::CppWebApplication::start()
Version: 2
Message: Server online


